c:\users\chris\documents\cs 234\chris.thomas.lab.05.ll\chris.thomas.lab.05.ll\debug\vc142.pdb
c:\users\chris\documents\cs 234\chris.thomas.lab.05.ll\chris.thomas.lab.05.ll\debug\vc142.idb
c:\users\chris\documents\cs 234\chris.thomas.lab.05.ll\chris.thomas.lab.05.ll\debug\stub.obj
c:\users\chris\documents\cs 234\chris.thomas.lab.05.ll\chris.thomas.lab.05.ll\debug\string.obj
c:\users\chris\documents\cs 234\chris.thomas.lab.05.ll\chris.thomas.lab.05.ll\debug\potion.obj
c:\users\chris\documents\cs 234\chris.thomas.lab.05.ll\chris.thomas.lab.05.ll\debug\node.obj
c:\users\chris\documents\cs 234\chris.thomas.lab.05.ll\chris.thomas.lab.05.ll\debug\list.obj
c:\users\chris\documents\cs 234\chris.thomas.lab.05.ll\chris.thomas.lab.05.ll\debug\dynamicarray.obj
c:\users\chris\documents\cs 234\chris.thomas.lab.05.ll\chris.thomas.lab.05.ll\debug\character.obj
c:\users\chris\documents\cs 234\chris.thomas.lab.05.ll\chris.thomas.lab.05.ll\debug\backpack.obj
c:\users\chris\documents\cs 234\chris.thomas.lab.05.ll\chris.thomas.lab.05.ll\debug\coinpouch.obj
c:\users\chris\documents\cs 234\chris.thomas.lab.05.ll\debug\chris.thomas.lab.05.ll.exe
c:\users\chris\documents\cs 234\chris.thomas.lab.05.ll\debug\chris.thomas.lab.05.ll.ilk
c:\users\chris\documents\cs 234\chris.thomas.lab.05.ll\debug\chris.thomas.lab.05.ll.pdb
c:\users\chris\documents\cs 234\chris.thomas.lab.05.ll\chris.thomas.lab.05.ll\debug\list.obj.enc
c:\users\chris\documents\cs 234\chris.thomas.lab.05.ll\chris.thomas.lab.05.ll\debug\chris.th.946f055b.tlog\cl.command.1.tlog
c:\users\chris\documents\cs 234\chris.thomas.lab.05.ll\chris.thomas.lab.05.ll\debug\chris.th.946f055b.tlog\cl.read.1.tlog
c:\users\chris\documents\cs 234\chris.thomas.lab.05.ll\chris.thomas.lab.05.ll\debug\chris.th.946f055b.tlog\cl.write.1.tlog
c:\users\chris\documents\cs 234\chris.thomas.lab.05.ll\chris.thomas.lab.05.ll\debug\chris.th.946f055b.tlog\link.command.1.tlog
c:\users\chris\documents\cs 234\chris.thomas.lab.05.ll\chris.thomas.lab.05.ll\debug\chris.th.946f055b.tlog\link.read.1.tlog
c:\users\chris\documents\cs 234\chris.thomas.lab.05.ll\chris.thomas.lab.05.ll\debug\chris.th.946f055b.tlog\link.write.1.tlog
