c:\users\chris\documents\cs 234\chris.thomas.lab.06.templates.ll\chris.thomas.lab.06.templates\debug\vc142.pdb
c:\users\chris\documents\cs 234\chris.thomas.lab.06.templates.ll\chris.thomas.lab.06.templates\debug\vc142.idb
c:\users\chris\documents\cs 234\chris.thomas.lab.06.templates.ll\chris.thomas.lab.06.templates\debug\stub.obj
c:\users\chris\documents\cs 234\chris.thomas.lab.06.templates.ll\chris.thomas.lab.06.templates\debug\string.obj
c:\users\chris\documents\cs 234\chris.thomas.lab.06.templates.ll\chris.thomas.lab.06.templates\debug\potion.obj
c:\users\chris\documents\cs 234\chris.thomas.lab.06.templates.ll\chris.thomas.lab.06.templates\debug\coinpouch.obj
c:\users\chris\documents\cs 234\chris.thomas.lab.06.templates.ll\chris.thomas.lab.06.templates\debug\character.obj
c:\users\chris\documents\cs 234\chris.thomas.lab.06.templates.ll\chris.thomas.lab.06.templates\debug\backpack.obj
c:\users\chris\documents\cs 234\chris.thomas.lab.06.templates.ll\debug\chris.thomas.lab.06.templates.exe
c:\users\chris\documents\cs 234\chris.thomas.lab.06.templates.ll\debug\chris.thomas.lab.06.templates.ilk
c:\users\chris\documents\cs 234\chris.thomas.lab.06.templates.ll\debug\chris.thomas.lab.06.templates.pdb
c:\users\chris\documents\cs 234\chris.thomas.lab.06.full\chris.thomas.lab.06.templates.ll\chris.thomas.lab.06.templates\debug\backpack.obj
c:\users\chris\documents\cs 234\chris.thomas.lab.06.full\chris.thomas.lab.06.templates.ll\chris.thomas.lab.06.templates\debug\character.obj
c:\users\chris\documents\cs 234\chris.thomas.lab.06.full\chris.thomas.lab.06.templates.ll\chris.thomas.lab.06.templates\debug\coinpouch.obj
c:\users\chris\documents\cs 234\chris.thomas.lab.06.full\chris.thomas.lab.06.templates.ll\chris.thomas.lab.06.templates\debug\potion.obj
c:\users\chris\documents\cs 234\chris.thomas.lab.06.full\chris.thomas.lab.06.templates.ll\chris.thomas.lab.06.templates\debug\string.obj
c:\users\chris\documents\cs 234\chris.thomas.lab.06.full\chris.thomas.lab.06.templates.ll\chris.thomas.lab.06.templates\debug\stub.obj
c:\users\chris\documents\cs 234\chris.thomas.lab.06.full\chris.thomas.lab.06.templates.ll\chris.thomas.lab.06.templates\debug\vc142.idb
c:\users\chris\documents\cs 234\chris.thomas.lab.06.full\chris.thomas.lab.06.templates.ll\chris.thomas.lab.06.templates\debug\vc142.pdb
c:\users\chris\documents\cs 234\chris.thomas.lab.06.full\chris.thomas.lab.06.templates.ll\debug\chris.thomas.lab.06.templates.pdb
c:\users\chris\documents\cs 234\chris.thomas.lab.06.full\chris.thomas.lab.06.templates.ll\debug\chris.thomas.lab.06.templates.exe
c:\users\chris\documents\cs 234\chris.thomas.lab.06.full\chris.thomas.lab.06.templates.ll\debug\chris.thomas.lab.06.templates.ilk
c:\users\chris\documents\cs 234\chris.thomas.lab.06.full\chris.thomas.lab.06.templates.ll\chris.thomas.lab.06.templates\debug\chris.th.acce07b3.tlog\cl.command.1.tlog
c:\users\chris\documents\cs 234\chris.thomas.lab.06.full\chris.thomas.lab.06.templates.ll\chris.thomas.lab.06.templates\debug\chris.th.acce07b3.tlog\cl.read.1.tlog
c:\users\chris\documents\cs 234\chris.thomas.lab.06.full\chris.thomas.lab.06.templates.ll\chris.thomas.lab.06.templates\debug\chris.th.acce07b3.tlog\cl.write.1.tlog
c:\users\chris\documents\cs 234\chris.thomas.lab.06.full\chris.thomas.lab.06.templates.ll\chris.thomas.lab.06.templates\debug\chris.th.acce07b3.tlog\link.command.1.tlog
c:\users\chris\documents\cs 234\chris.thomas.lab.06.full\chris.thomas.lab.06.templates.ll\chris.thomas.lab.06.templates\debug\chris.th.acce07b3.tlog\link.read.1.tlog
c:\users\chris\documents\cs 234\chris.thomas.lab.06.full\chris.thomas.lab.06.templates.ll\chris.thomas.lab.06.templates\debug\chris.th.acce07b3.tlog\link.write.1.tlog
