c:\users\chris\documents\cs 234\chris.thomas.lab.01.potion\chris.thomas.lab.01.potion\x64\debug\vc142.pdb
c:\users\chris\documents\cs 234\chris.thomas.lab.01.potion\chris.thomas.lab.01.potion\x64\debug\vc142.idb
c:\users\chris\documents\cs 234\chris.thomas.lab.01.potion\chris.thomas.lab.01.potion\x64\debug\stub.obj
c:\users\chris\documents\cs 234\chris.thomas.lab.01.potion\chris.thomas.lab.01.potion\x64\debug\potion.obj
c:\users\chris\documents\cs 234\chris.thomas.lab.01.potion\chris.thomas.lab.01.potion\x64\debug\string.obj
c:\users\chris\documents\cs 234\chris.thomas.lab.01.potion\x64\debug\chris.thomas.lab.01.potion.exe
c:\users\chris\documents\cs 234\chris.thomas.lab.01.potion\x64\debug\chris.thomas.lab.01.potion.ilk
c:\users\chris\documents\cs 234\chris.thomas.lab.01.potion\x64\debug\chris.thomas.lab.01.potion.pdb
c:\users\chris\documents\cs 234\chris.thomas.lab.02\chris.thomas.lab.01.potion\x64\debug\potion.obj
c:\users\chris\documents\cs 234\chris.thomas.lab.02\chris.thomas.lab.01.potion\x64\debug\string.obj
c:\users\chris\documents\cs 234\chris.thomas.lab.02\chris.thomas.lab.01.potion\x64\debug\stub.obj
c:\users\chris\documents\cs 234\chris.thomas.lab.02\chris.thomas.lab.01.potion\x64\debug\vc142.idb
c:\users\chris\documents\cs 234\chris.thomas.lab.02\chris.thomas.lab.01.potion\x64\debug\vc142.pdb
c:\users\chris\documents\cs 234\chris.thomas.lab.02\x64\debug\chris.thomas.lab.01.potion.pdb
c:\users\chris\documents\cs 234\chris.thomas.lab.02\x64\debug\chris.thomas.lab.01.potion.exe
c:\users\chris\documents\cs 234\chris.thomas.lab.02\x64\debug\chris.thomas.lab.01.potion.ilk
c:\users\chris\documents\cs 234\chris.thomas.lab.02\chris.thomas.lab.01.potion\x64\debug\chris.th.98f51ce7.tlog\cl.command.1.tlog
c:\users\chris\documents\cs 234\chris.thomas.lab.02\chris.thomas.lab.01.potion\x64\debug\chris.th.98f51ce7.tlog\cl.read.1.tlog
c:\users\chris\documents\cs 234\chris.thomas.lab.02\chris.thomas.lab.01.potion\x64\debug\chris.th.98f51ce7.tlog\cl.write.1.tlog
c:\users\chris\documents\cs 234\chris.thomas.lab.02\chris.thomas.lab.01.potion\x64\debug\chris.th.98f51ce7.tlog\link.command.1.tlog
c:\users\chris\documents\cs 234\chris.thomas.lab.02\chris.thomas.lab.01.potion\x64\debug\chris.th.98f51ce7.tlog\link.read.1.tlog
c:\users\chris\documents\cs 234\chris.thomas.lab.02\chris.thomas.lab.01.potion\x64\debug\chris.th.98f51ce7.tlog\link.write.1.tlog
