c:\users\chris\documents\cs 234\chris.thomas.lab.06.da\chris.thomas.lab.06.da\debug\vc142.pdb
c:\users\chris\documents\cs 234\chris.thomas.lab.06.da\chris.thomas.lab.06.da\debug\vc142.idb
c:\users\chris\documents\cs 234\chris.thomas.lab.06.da\chris.thomas.lab.06.da\debug\string.obj
c:\users\chris\documents\cs 234\chris.thomas.lab.06.da\chris.thomas.lab.06.da\debug\potion.obj
c:\users\chris\documents\cs 234\chris.thomas.lab.06.da\chris.thomas.lab.06.da\debug\coinpouch.obj
c:\users\chris\documents\cs 234\chris.thomas.lab.06.da\chris.thomas.lab.06.da\debug\character.obj
c:\users\chris\documents\cs 234\chris.thomas.lab.06.da\chris.thomas.lab.06.da\debug\backpack.obj
c:\users\chris\documents\cs 234\chris.thomas.lab.06.da\chris.thomas.lab.06.da\debug\stub.obj
c:\users\chris\documents\cs 234\chris.thomas.lab.06.da\debug\chris.thomas.lab.06.da.exe
c:\users\chris\documents\cs 234\chris.thomas.lab.06.da\debug\chris.thomas.lab.06.da.ilk
c:\users\chris\documents\cs 234\chris.thomas.lab.06.da\debug\chris.thomas.lab.06.da.pdb
c:\users\chris\documents\cs 234\chris.thomas.lab.06.full\chris.thomas.lab.06.da\chris.thomas.lab.06.da\debug\backpack.obj
c:\users\chris\documents\cs 234\chris.thomas.lab.06.full\chris.thomas.lab.06.da\chris.thomas.lab.06.da\debug\character.obj
c:\users\chris\documents\cs 234\chris.thomas.lab.06.full\chris.thomas.lab.06.da\chris.thomas.lab.06.da\debug\coinpouch.obj
c:\users\chris\documents\cs 234\chris.thomas.lab.06.full\chris.thomas.lab.06.da\chris.thomas.lab.06.da\debug\potion.obj
c:\users\chris\documents\cs 234\chris.thomas.lab.06.full\chris.thomas.lab.06.da\chris.thomas.lab.06.da\debug\string.obj
c:\users\chris\documents\cs 234\chris.thomas.lab.06.full\chris.thomas.lab.06.da\chris.thomas.lab.06.da\debug\stub.obj
c:\users\chris\documents\cs 234\chris.thomas.lab.06.full\chris.thomas.lab.06.da\chris.thomas.lab.06.da\debug\vc142.idb
c:\users\chris\documents\cs 234\chris.thomas.lab.06.full\chris.thomas.lab.06.da\chris.thomas.lab.06.da\debug\vc142.pdb
c:\users\chris\documents\cs 234\chris.thomas.lab.06.full\chris.thomas.lab.06.da\debug\chris.thomas.lab.06.da.pdb
c:\users\chris\documents\cs 234\chris.thomas.lab.06.full\chris.thomas.lab.06.da\debug\chris.thomas.lab.06.da.exe
c:\users\chris\documents\cs 234\chris.thomas.lab.06.full\chris.thomas.lab.06.da\debug\chris.thomas.lab.06.da.ilk
c:\users\chris\documents\cs 234\chris.thomas.lab.06.full\chris.thomas.lab.06.da\chris.thomas.lab.06.da\debug\chris.th.718a50be.tlog\cl.command.1.tlog
c:\users\chris\documents\cs 234\chris.thomas.lab.06.full\chris.thomas.lab.06.da\chris.thomas.lab.06.da\debug\chris.th.718a50be.tlog\cl.read.1.tlog
c:\users\chris\documents\cs 234\chris.thomas.lab.06.full\chris.thomas.lab.06.da\chris.thomas.lab.06.da\debug\chris.th.718a50be.tlog\cl.write.1.tlog
c:\users\chris\documents\cs 234\chris.thomas.lab.06.full\chris.thomas.lab.06.da\chris.thomas.lab.06.da\debug\chris.th.718a50be.tlog\link.command.1.tlog
c:\users\chris\documents\cs 234\chris.thomas.lab.06.full\chris.thomas.lab.06.da\chris.thomas.lab.06.da\debug\chris.th.718a50be.tlog\link.read.1.tlog
c:\users\chris\documents\cs 234\chris.thomas.lab.06.full\chris.thomas.lab.06.da\chris.thomas.lab.06.da\debug\chris.th.718a50be.tlog\link.write.1.tlog
