Analysis & Elaboration report for multiplexed_display
Tue Jan 24 14:42:55 2023
Quartus Prime Version 20.1.1 Build 720 11/11/2020 SJ Lite Edition


---------------------
; Table of Contents ;
---------------------
  1. Legal Notice
  2. Analysis & Elaboration Summary
  3. Parallel Compilation
  4. Parameter Settings for User Entity Instance: clk_divider:U1
  5. Parameter Settings for User Entity Instance: counter:U2
  6. Parameter Settings for User Entity Instance: binary_to_bcd:U3
  7. Parameter Settings for User Entity Instance: mux_display:U4|clk_divider:U1
  8. Analysis & Elaboration Settings
  9. Port Connectivity Checks: "binary_to_bcd:U3"
 10. Analysis & Elaboration Messages



----------------
; Legal Notice ;
----------------
Copyright (C) 2020  Intel Corporation. All rights reserved.
Your use of Intel Corporation's design tools, logic functions 
and other software and tools, and any partner logic 
functions, and any output files from any of the foregoing 
(including device programming or simulation files), and any 
associated documentation or information are expressly subject 
to the terms and conditions of the Intel Program License 
Subscription Agreement, the Intel Quartus Prime License Agreement,
the Intel FPGA IP License Agreement, or other applicable license
agreement, including, without limitation, that your use is for
the sole purpose of programming logic devices manufactured by
Intel and sold by Intel or its authorized distributors.  Please
refer to the applicable agreement for further details, at
https://fpgasoftware.intel.com/eula.



+-----------------------------------------------------------------------------+
; Analysis & Elaboration Summary                                              ;
+-------------------------------+---------------------------------------------+
; Analysis & Elaboration Status ; Successful - Tue Jan 24 14:42:55 2023       ;
; Quartus Prime Version         ; 20.1.1 Build 720 11/11/2020 SJ Lite Edition ;
; Revision Name                 ; multiplexed_display                         ;
; Top-level Entity Name         ; multiplexed_display                         ;
; Family                        ; Cyclone V                                   ;
; Logic utilization (in ALMs)   ; N/A until Partition Merge                   ;
; Total registers               ; N/A until Partition Merge                   ;
; Total pins                    ; N/A until Partition Merge                   ;
; Total virtual pins            ; N/A until Partition Merge                   ;
; Total block memory bits       ; N/A until Partition Merge                   ;
; Total PLLs                    ; N/A until Partition Merge                   ;
; Total DLLs                    ; N/A until Partition Merge                   ;
+-------------------------------+---------------------------------------------+


+------------------------------------------+
; Parallel Compilation                     ;
+----------------------------+-------------+
; Processors                 ; Number      ;
+----------------------------+-------------+
; Number detected on machine ; 8           ;
; Maximum allowed            ; 8           ;
;                            ;             ;
; Average used               ; 1.00        ;
; Maximum used               ; 1           ;
;                            ;             ;
; Usage by Processor         ; % Time Used ;
;     Processor 1            ; 100.0%      ;
+----------------------------+-------------+


+-------------------------------------------------------------+
; Parameter Settings for User Entity Instance: clk_divider:U1 ;
+----------------+--------+-----------------------------------+
; Parameter Name ; Value  ; Type                              ;
+----------------+--------+-----------------------------------+
; DIVISION       ; 250000 ; Signed Integer                    ;
+----------------+--------+-----------------------------------+
Note: In order to hide this table in the UI and the text report file, please set the "Show Parameter Settings in Synthesis Report" option in "Analysis and Synthesis Settings -> More Settings" to "Off".


+---------------------------------------------------------+
; Parameter Settings for User Entity Instance: counter:U2 ;
+----------------+-------+--------------------------------+
; Parameter Name ; Value ; Type                           ;
+----------------+-------+--------------------------------+
; BIT_COUNT      ; 12    ; Signed Integer                 ;
+----------------+-------+--------------------------------+
Note: In order to hide this table in the UI and the text report file, please set the "Show Parameter Settings in Synthesis Report" option in "Analysis and Synthesis Settings -> More Settings" to "Off".


+---------------------------------------------------------------+
; Parameter Settings for User Entity Instance: binary_to_bcd:U3 ;
+----------------+-------+--------------------------------------+
; Parameter Name ; Value ; Type                                 ;
+----------------+-------+--------------------------------------+
; W              ; 12    ; Signed Integer                       ;
+----------------+-------+--------------------------------------+
Note: In order to hide this table in the UI and the text report file, please set the "Show Parameter Settings in Synthesis Report" option in "Analysis and Synthesis Settings -> More Settings" to "Off".


+----------------------------------------------------------------------------+
; Parameter Settings for User Entity Instance: mux_display:U4|clk_divider:U1 ;
+----------------+-------+---------------------------------------------------+
; Parameter Name ; Value ; Type                                              ;
+----------------+-------+---------------------------------------------------+
; DIVISION       ; 12500 ; Signed Integer                                    ;
+----------------+-------+---------------------------------------------------+
Note: In order to hide this table in the UI and the text report file, please set the "Show Parameter Settings in Synthesis Report" option in "Analysis and Synthesis Settings -> More Settings" to "Off".


+-----------------------------------------------------------------------------------------------------------------------------+
; Analysis & Elaboration Settings                                                                                             ;
+---------------------------------------------------------------------------------+---------------------+---------------------+
; Option                                                                          ; Setting             ; Default Value       ;
+---------------------------------------------------------------------------------+---------------------+---------------------+
; Device                                                                          ; 5CSEMA5F31C6        ;                     ;
; Top-level entity name                                                           ; multiplexed_display ; multiplexed_display ;
; Family name                                                                     ; Cyclone V           ; Cyclone V           ;
; Use smart compilation                                                           ; Off                 ; Off                 ;
; Enable parallel Assembler and Timing Analyzer during compilation                ; On                  ; On                  ;
; Enable compact report table                                                     ; Off                 ; Off                 ;
; Restructure Multiplexers                                                        ; Auto                ; Auto                ;
; MLAB Add Timing Constraints For Mixed-Port Feed-Through Mode Setting Don't Care ; Off                 ; Off                 ;
; Create Debugging Nodes for IP Cores                                             ; Off                 ; Off                 ;
; Preserve fewer node names                                                       ; On                  ; On                  ;
; Intel FPGA IP Evaluation Mode                                                   ; Enable              ; Enable              ;
; Verilog Version                                                                 ; Verilog_2001        ; Verilog_2001        ;
; VHDL Version                                                                    ; VHDL_1993           ; VHDL_1993           ;
; State Machine Processing                                                        ; Auto                ; Auto                ;
; Safe State Machine                                                              ; Off                 ; Off                 ;
; Extract Verilog State Machines                                                  ; On                  ; On                  ;
; Extract VHDL State Machines                                                     ; On                  ; On                  ;
; Ignore Verilog initial constructs                                               ; Off                 ; Off                 ;
; Iteration limit for constant Verilog loops                                      ; 5000                ; 5000                ;
; Iteration limit for non-constant Verilog loops                                  ; 250                 ; 250                 ;
; Add Pass-Through Logic to Inferred RAMs                                         ; On                  ; On                  ;
; Infer RAMs from Raw Logic                                                       ; On                  ; On                  ;
; Parallel Synthesis                                                              ; On                  ; On                  ;
; DSP Block Balancing                                                             ; Auto                ; Auto                ;
; NOT Gate Push-Back                                                              ; On                  ; On                  ;
; Power-Up Don't Care                                                             ; On                  ; On                  ;
; Remove Redundant Logic Cells                                                    ; Off                 ; Off                 ;
; Remove Duplicate Registers                                                      ; On                  ; On                  ;
; Ignore CARRY Buffers                                                            ; Off                 ; Off                 ;
; Ignore CASCADE Buffers                                                          ; Off                 ; Off                 ;
; Ignore GLOBAL Buffers                                                           ; Off                 ; Off                 ;
; Ignore ROW GLOBAL Buffers                                                       ; Off                 ; Off                 ;
; Ignore LCELL Buffers                                                            ; Off                 ; Off                 ;
; Ignore SOFT Buffers                                                             ; On                  ; On                  ;
; Limit AHDL Integers to 32 Bits                                                  ; Off                 ; Off                 ;
; Optimization Technique                                                          ; Balanced            ; Balanced            ;
; Carry Chain Length                                                              ; 70                  ; 70                  ;
; Auto Carry Chains                                                               ; On                  ; On                  ;
; Auto Open-Drain Pins                                                            ; On                  ; On                  ;
; Perform WYSIWYG Primitive Resynthesis                                           ; Off                 ; Off                 ;
; Auto ROM Replacement                                                            ; On                  ; On                  ;
; Auto RAM Replacement                                                            ; On                  ; On                  ;
; Auto DSP Block Replacement                                                      ; On                  ; On                  ;
; Auto Shift Register Replacement                                                 ; Auto                ; Auto                ;
; Allow Shift Register Merging across Hierarchies                                 ; Auto                ; Auto                ;
; Auto Clock Enable Replacement                                                   ; On                  ; On                  ;
; Strict RAM Replacement                                                          ; Off                 ; Off                 ;
; Allow Synchronous Control Signals                                               ; On                  ; On                  ;
; Force Use of Synchronous Clear Signals                                          ; Off                 ; Off                 ;
; Auto Resource Sharing                                                           ; Off                 ; Off                 ;
; Allow Any RAM Size For Recognition                                              ; Off                 ; Off                 ;
; Allow Any ROM Size For Recognition                                              ; Off                 ; Off                 ;
; Allow Any Shift Register Size For Recognition                                   ; Off                 ; Off                 ;
; Use LogicLock Constraints during Resource Balancing                             ; On                  ; On                  ;
; Ignore translate_off and synthesis_off directives                               ; Off                 ; Off                 ;
; Timing-Driven Synthesis                                                         ; On                  ; On                  ;
; Report Parameter Settings                                                       ; On                  ; On                  ;
; Report Source Assignments                                                       ; On                  ; On                  ;
; Report Connectivity Checks                                                      ; On                  ; On                  ;
; Ignore Maximum Fan-Out Assignments                                              ; Off                 ; Off                 ;
; Synchronization Register Chain Length                                           ; 3                   ; 3                   ;
; Power Optimization During Synthesis                                             ; Normal compilation  ; Normal compilation  ;
; HDL message level                                                               ; Level2              ; Level2              ;
; Suppress Register Optimization Related Messages                                 ; Off                 ; Off                 ;
; Number of Removed Registers Reported in Synthesis Report                        ; 5000                ; 5000                ;
; Number of Swept Nodes Reported in Synthesis Report                              ; 5000                ; 5000                ;
; Number of Inverted Registers Reported in Synthesis Report                       ; 100                 ; 100                 ;
; Clock MUX Protection                                                            ; On                  ; On                  ;
; Auto Gated Clock Conversion                                                     ; Off                 ; Off                 ;
; Block Design Naming                                                             ; Auto                ; Auto                ;
; SDC constraint protection                                                       ; Off                 ; Off                 ;
; Synthesis Effort                                                                ; Auto                ; Auto                ;
; Shift Register Replacement - Allow Asynchronous Clear Signal                    ; On                  ; On                  ;
; Pre-Mapping Resynthesis Optimization                                            ; Off                 ; Off                 ;
; Analysis & Synthesis Message Level                                              ; Medium              ; Medium              ;
; Disable Register Merging Across Hierarchies                                     ; Auto                ; Auto                ;
; Resource Aware Inference For Block RAM                                          ; On                  ; On                  ;
; Automatic Parallel Synthesis                                                    ; On                  ; On                  ;
; Partial Reconfiguration Bitstream ID                                            ; Off                 ; Off                 ;
+---------------------------------------------------------------------------------+---------------------+---------------------+


+----------------------------------------------------------------------------------------------------------------------------------------------------------------------------------------------------+
; Port Connectivity Checks: "binary_to_bcd:U3"                                                                                                                                                       ;
+------+--------+----------+-------------------------------------------------------------------------------------------------------------------------------------------------------------------------+
; Port ; Type   ; Severity ; Details                                                                                                                                                                 ;
+------+--------+----------+-------------------------------------------------------------------------------------------------------------------------------------------------------------------------+
; bcd  ; Output ; Warning  ; Output or bidir port (15 bits) is smaller than the port expression (16 bits) it drives.  The 1 most-significant bit(s) in the port expression will be connected to GND. ;
+------+--------+----------+-------------------------------------------------------------------------------------------------------------------------------------------------------------------------+


+---------------------------------+
; Analysis & Elaboration Messages ;
+---------------------------------+
Info: *******************************************************************
Info: Running Quartus Prime Analysis & Elaboration
    Info: Version 20.1.1 Build 720 11/11/2020 SJ Lite Edition
    Info: Processing started: Tue Jan 24 14:42:43 2023
Info: Command: quartus_map --read_settings_files=on --write_settings_files=off multiplexed_display -c multiplexed_display --analysis_and_elaboration
Warning (18236): Number of processors has not been specified which may cause overloading on shared machines.  Set the global assignment NUM_PARALLEL_PROCESSORS in your QSF to an appropriate value for best performance.
Info (20030): Parallel compilation is enabled and will use 8 of the 8 processors detected
Info (12021): Found 1 design units, including 1 entities, in source file multiplexed_display.v
    Info (12023): Found entity 1: multiplexed_display File: C:/OITWinter2022/DigitalSystemsDesign1/Lab03/multiplexed_display.v Line: 14
Info (12021): Found 1 design units, including 1 entities, in source file counter.v
    Info (12023): Found entity 1: counter File: C:/OITWinter2022/DigitalSystemsDesign1/Lab03/counter.v Line: 15
Info (12021): Found 1 design units, including 1 entities, in source file binary_to_bcd.v
    Info (12023): Found entity 1: binary_to_bcd File: C:/OITWinter2022/DigitalSystemsDesign1/Lab03/binary_to_bcd.v Line: 14
Info (12021): Found 1 design units, including 1 entities, in source file bcd_to_decimal.v
    Info (12023): Found entity 1: bcd_to_decimal File: C:/OITWinter2022/DigitalSystemsDesign1/Lab03/bcd_to_decimal.v Line: 14
Info (12021): Found 1 design units, including 1 entities, in source file clk_divider.v
    Info (12023): Found entity 1: clk_divider File: C:/OITWinter2022/DigitalSystemsDesign1/Lab03/clk_divider.v Line: 14
Info (12021): Found 1 design units, including 1 entities, in source file mux_display.v
    Info (12023): Found entity 1: mux_display File: C:/OITWinter2022/DigitalSystemsDesign1/Lab03/mux_display.v Line: 14
Info (12021): Found 1 design units, including 1 entities, in source file control_generator.v
    Info (12023): Found entity 1: control_generator File: C:/OITWinter2022/DigitalSystemsDesign1/Lab03/control_generator.v Line: 14
Info (12021): Found 1 design units, including 1 entities, in source file mux_case.v
    Info (12023): Found entity 1: mux_case File: C:/OITWinter2022/DigitalSystemsDesign1/Lab03/mux_case.v Line: 14
Info (12021): Found 1 design units, including 1 entities, in source file demux.v
    Info (12023): Found entity 1: demux File: C:/OITWinter2022/DigitalSystemsDesign1/Lab03/demux.v Line: 14
Info (12127): Elaborating entity "multiplexed_display" for the top level hierarchy
Info (12128): Elaborating entity "clk_divider" for hierarchy "clk_divider:U1" File: C:/OITWinter2022/DigitalSystemsDesign1/Lab03/multiplexed_display.v Line: 26
Warning (10230): Verilog HDL assignment warning at clk_divider.v(26): truncated value with size 32 to match size of target (25) File: C:/OITWinter2022/DigitalSystemsDesign1/Lab03/clk_divider.v Line: 26
Info (12128): Elaborating entity "counter" for hierarchy "counter:U2" File: C:/OITWinter2022/DigitalSystemsDesign1/Lab03/multiplexed_display.v Line: 27
Warning (10230): Verilog HDL assignment warning at counter.v(29): truncated value with size 32 to match size of target (12) File: C:/OITWinter2022/DigitalSystemsDesign1/Lab03/counter.v Line: 29
Warning (10230): Verilog HDL assignment warning at counter.v(31): truncated value with size 32 to match size of target (12) File: C:/OITWinter2022/DigitalSystemsDesign1/Lab03/counter.v Line: 31
Info (12128): Elaborating entity "binary_to_bcd" for hierarchy "binary_to_bcd:U3" File: C:/OITWinter2022/DigitalSystemsDesign1/Lab03/multiplexed_display.v Line: 28
Info (12128): Elaborating entity "mux_display" for hierarchy "mux_display:U4" File: C:/OITWinter2022/DigitalSystemsDesign1/Lab03/multiplexed_display.v Line: 29
Info (12128): Elaborating entity "clk_divider" for hierarchy "mux_display:U4|clk_divider:U1" File: C:/OITWinter2022/DigitalSystemsDesign1/Lab03/mux_display.v Line: 29
Warning (10230): Verilog HDL assignment warning at clk_divider.v(26): truncated value with size 32 to match size of target (25) File: C:/OITWinter2022/DigitalSystemsDesign1/Lab03/clk_divider.v Line: 26
Info (12128): Elaborating entity "control_generator" for hierarchy "mux_display:U4|control_generator:U2" File: C:/OITWinter2022/DigitalSystemsDesign1/Lab03/mux_display.v Line: 30
Warning (10230): Verilog HDL assignment warning at control_generator.v(27): truncated value with size 32 to match size of target (2) File: C:/OITWinter2022/DigitalSystemsDesign1/Lab03/control_generator.v Line: 27
Info (12128): Elaborating entity "demux" for hierarchy "mux_display:U4|demux:U3" File: C:/OITWinter2022/DigitalSystemsDesign1/Lab03/mux_display.v Line: 31
Info (12128): Elaborating entity "bcd_to_decimal" for hierarchy "mux_display:U4|bcd_to_decimal:U4" File: C:/OITWinter2022/DigitalSystemsDesign1/Lab03/mux_display.v Line: 32
Info (12128): Elaborating entity "mux_case" for hierarchy "mux_display:U4|mux_case:U8" File: C:/OITWinter2022/DigitalSystemsDesign1/Lab03/mux_display.v Line: 36
Warning (12011): Net is missing source, defaulting to GND
    Warning (12110): Net "bcd_out[15]" is missing source, defaulting to GND File: C:/OITWinter2022/DigitalSystemsDesign1/Lab03/multiplexed_display.v Line: 24
Warning (12011): Net is missing source, defaulting to GND
    Warning (12110): Net "bcd_out[15]" is missing source, defaulting to GND File: C:/OITWinter2022/DigitalSystemsDesign1/Lab03/multiplexed_display.v Line: 24
Warning (12011): Net is missing source, defaulting to GND
    Warning (12110): Net "bcd_out[15]" is missing source, defaulting to GND File: C:/OITWinter2022/DigitalSystemsDesign1/Lab03/multiplexed_display.v Line: 24
Warning (12241): 1 hierarchies have connectivity warnings - see the Connectivity Checks report folder
Info: Quartus Prime Analysis & Elaboration was successful. 0 errors, 13 warnings
    Info: Peak virtual memory: 4766 megabytes
    Info: Processing ended: Tue Jan 24 14:42:55 2023
    Info: Elapsed time: 00:00:12
    Info: Total CPU time (on all processors): 00:00:30


